c:\users\brend\onedrive\documentos\brenda\compu grafica\lab cgeihc\pf\debug\vc143.pdb
c:\users\brend\onedrive\documentos\brenda\compu grafica\lab cgeihc\pf\debug\vc143.idb
c:\users\brend\onedrive\documentos\brenda\compu grafica\lab cgeihc\pf\debug\window.obj
c:\users\brend\onedrive\documentos\brenda\compu grafica\lab cgeihc\pf\debug\texture.obj
c:\users\brend\onedrive\documentos\brenda\compu grafica\lab cgeihc\pf\debug\spotlight.obj
c:\users\brend\onedrive\documentos\brenda\compu grafica\lab cgeihc\pf\debug\sphere.obj
c:\users\brend\onedrive\documentos\brenda\compu grafica\lab cgeihc\pf\debug\skybox.obj
c:\users\brend\onedrive\documentos\brenda\compu grafica\lab cgeihc\pf\debug\shader_light.obj
c:\users\brend\onedrive\documentos\brenda\compu grafica\lab cgeihc\pf\debug\pointlight.obj
c:\users\brend\onedrive\documentos\brenda\compu grafica\lab cgeihc\pf\debug\model.obj
c:\users\brend\onedrive\documentos\brenda\compu grafica\lab cgeihc\pf\debug\mesh_tn.obj
c:\users\brend\onedrive\documentos\brenda\compu grafica\lab cgeihc\pf\debug\material.obj
c:\users\brend\onedrive\documentos\brenda\compu grafica\lab cgeihc\pf\debug\main.obj
c:\users\brend\onedrive\documentos\brenda\compu grafica\lab cgeihc\pf\debug\light.obj
c:\users\brend\onedrive\documentos\brenda\compu grafica\lab cgeihc\pf\debug\directionallight.obj
c:\users\brend\onedrive\documentos\brenda\compu grafica\lab cgeihc\pf\debug\camera.obj
c:\users\brend\onedrive\documentos\brenda\compu grafica\lab cgeihc\debug\pf.exe
c:\users\brend\onedrive\documentos\brenda\compu grafica\lab cgeihc\debug\pf.pdb
c:\users\brend\onedrive\documentos\brenda\compu grafica\lab cgeihc\pf\debug\pf.ilk
c:\users\brend\onedrive\documentos\brenda\compu grafica\lab cgeihc\pf\debug\pf.tlog\cl.command.1.tlog
c:\users\brend\onedrive\documentos\brenda\compu grafica\lab cgeihc\pf\debug\pf.tlog\cl.items.tlog
c:\users\brend\onedrive\documentos\brenda\compu grafica\lab cgeihc\pf\debug\pf.tlog\cl.read.1.tlog
c:\users\brend\onedrive\documentos\brenda\compu grafica\lab cgeihc\pf\debug\pf.tlog\cl.write.1.tlog
c:\users\brend\onedrive\documentos\brenda\compu grafica\lab cgeihc\pf\debug\pf.tlog\link.command.1.tlog
c:\users\brend\onedrive\documentos\brenda\compu grafica\lab cgeihc\pf\debug\pf.tlog\link.read.1.tlog
c:\users\brend\onedrive\documentos\brenda\compu grafica\lab cgeihc\pf\debug\pf.tlog\link.secondary.1.tlog
c:\users\brend\onedrive\documentos\brenda\compu grafica\lab cgeihc\pf\debug\pf.tlog\link.write.1.tlog
