C:\Program Files\Microsoft Visual Studio\2022\Community\MSBuild\Microsoft\VC\v170\Microsoft.CppBuild.targets(531,5): warning MSB8028: El directorio intermedio (Debug\) contiene archivos compartidos de otro proyecto (Proyecto-CGeIHC-2025-2.vcxproj). Esto puede dar lugar a un comportamiento incorrecto de limpieza y recompilación.
  Window.cpp
  main.cpp
C:\Users\Brend\OneDrive\Documentos\BRENDA\Compu grafica\Lab CGeIHC\pf\Window.h(12,36): warning C4244: 'return': conversión de 'GLint' a 'GLfloat'; posible pérdida de datos
  (compilando archivo de origen "Window.cpp")
  
C:\Users\Brend\OneDrive\Documentos\BRENDA\Compu grafica\Lab CGeIHC\pf\Window.h(13,37): warning C4244: 'return': conversión de 'GLint' a 'GLfloat'; posible pérdida de datos
  (compilando archivo de origen "Window.cpp")
  
C:\Users\Brend\OneDrive\Documentos\BRENDA\Compu grafica\Lab CGeIHC\pf\Window.cpp(139,22): warning C4244: '=': conversión de 'double' a 'GLfloat'; posible pérdida de datos
C:\Users\Brend\OneDrive\Documentos\BRENDA\Compu grafica\Lab CGeIHC\pf\Window.cpp(140,22): warning C4244: '=': conversión de 'double' a 'GLfloat'; posible pérdida de datos
C:\Users\Brend\OneDrive\Documentos\BRENDA\Compu grafica\Lab CGeIHC\pf\Window.cpp(144,28): warning C4244: '=': conversión de 'double' a 'GLfloat'; posible pérdida de datos
C:\Users\Brend\OneDrive\Documentos\BRENDA\Compu grafica\Lab CGeIHC\pf\Window.cpp(145,40): warning C4244: '=': conversión de 'double' a 'GLfloat'; posible pérdida de datos
C:\Users\Brend\OneDrive\Documentos\BRENDA\Compu grafica\Lab CGeIHC\pf\Window.cpp(147,21): warning C4244: '=': conversión de 'double' a 'GLfloat'; posible pérdida de datos
C:\Users\Brend\OneDrive\Documentos\BRENDA\Compu grafica\Lab CGeIHC\pf\Window.cpp(148,21): warning C4244: '=': conversión de 'double' a 'GLfloat'; posible pérdida de datos
C:\Users\Brend\OneDrive\Documentos\BRENDA\Compu grafica\Lab CGeIHC\pf\Window.h(12,36): warning C4244: 'return': conversión de 'GLint' a 'GLfloat'; posible pérdida de datos
  (compilando archivo de origen "main.cpp")
  
C:\Users\Brend\OneDrive\Documentos\BRENDA\Compu grafica\Lab CGeIHC\pf\Window.h(13,37): warning C4244: 'return': conversión de 'GLint' a 'GLfloat'; posible pérdida de datos
  (compilando archivo de origen "main.cpp")
  
C:\Users\Brend\OneDrive\Documentos\BRENDA\Compu grafica\Lab CGeIHC\pf\main.cpp(586,15): warning C4244: 'inicializando': conversión de 'double' a 'GLfloat'; posible pérdida de datos
C:\Users\Brend\OneDrive\Documentos\BRENDA\Compu grafica\Lab CGeIHC\pf\main.cpp(588,33): warning C4244: '+=': conversión de 'double' a 'GLfloat'; posible pérdida de datos
  Generando código...
C:\Users\Brend\OneDrive\Documentos\BRENDA\Compu grafica\Lab CGeIHC\pf\Window.cpp(75,1): warning C4715: 'Window::Initialise': no todas las rutas de acceso de control devuelven un valor
  pf.vcxproj -> C:\Users\Brend\OneDrive\Documentos\BRENDA\Compu grafica\Lab CGeIHC\Debug\pf.exe
